2025-12-22T23:12:49+01:00 - PHPMailer SÍ disponible
2025-12-22T23:13:58+01:00 - PHPMailer SÍ disponible
2025-12-22T23:14:20+01:00 - PHPMailer SÍ disponible
2025-12-22T23:16:04+01:00 - PHPMailer SÍ disponible
2025-12-22T23:17:04+01:00 - PHPMailer SÍ disponible
2025-12-22T23:18:01+01:00 - PHPMailer SÍ disponible
2025-12-22T23:18:01+01:00 - Entrando a fallback mail()
2025-12-22T23:19:29+01:00 - PHPMailer SÍ disponible
2025-12-22T23:19:29+01:00 - SMTP_HOST:  | SMTP_PORT: 587 | SMTP_USER:  | SMTP_PASS:  | SMTP_SECURE: tls | MAIL_FROM: no-reply@example.com | MAIL_FROM_NAME: Mi App
2025-12-22T23:19:29+01:00 - Entrando a fallback mail()
2025-12-22T23:24:24+01:00 - PHPMailer SÍ disponible
2025-12-22T23:24:24+01:00 - SMTP_HOST:  | SMTP_PORT: 587 | SMTP_USER:  | SMTP_PASS:  | SMTP_SECURE: tls | MAIL_FROM: no-reply@example.com | MAIL_FROM_NAME: Mi App
2025-12-22T23:24:24+01:00 - Entrando a fallback mail()
2025-12-22T23:25:10+01:00 - PHPMailer SÍ disponible
2025-12-22T23:25:10+01:00 - SMTP_HOST:  | SMTP_PORT: 587 | SMTP_USER:  | SMTP_PASS:  | SMTP_SECURE: tls | MAIL_FROM: no-reply@example.com | MAIL_FROM_NAME: Mi App
2025-12-22T23:25:10+01:00 - Entrando a fallback mail()
2025-12-22T23:27:00+01:00 - PHPMailer SÍ disponible
2025-12-22T23:27:00+01:00 - SMTP_HOST:  | SMTP_PORT: 587 | SMTP_USER:  | SMTP_PASS:  | SMTP_SECURE: tls | MAIL_FROM: no-reply@example.com | MAIL_FROM_NAME: Mi App
2025-12-22T23:27:00+01:00 - Entrando a fallback mail()
2025-12-22T23:28:12+01:00 - PHPMailer SÍ disponible
2025-12-22T23:28:12+01:00 - SMTP_HOST:  | SMTP_PORT: 587 | SMTP_USER:  | SMTP_PASS:  | SMTP_SECURE: tls | MAIL_FROM: no-reply@example.com | MAIL_FROM_NAME: Mi App
2025-12-22T23:28:12+01:00 - Entrando a fallback mail()
2025-12-22T23:29:04+01:00 - PHPMailer SÍ disponible
2025-12-22T23:29:04+01:00 - SMTP_HOST: mail.fesanesteban.com | SMTP_PORT: 465 | SMTP_USER: terminos@fesanesteban.com | SMTP_PASS: 9p.w-?B+D=If | SMTP_SECURE: ssl | MAIL_FROM: terminos@fesanesteban.com | MAIL_FROM_NAME: Mi App
2025-12-22T23:29:04+01:00 - Entrando a bloque PHPMailer
2025-12-22T23:29:04+01:00 - Antes de mail->send()
2025-12-22T23:29:05+01:00 - SMTP: SERVER -> CLIENT: 220-vl45402.dnsvirtual.es ESMTP Exim 4.98 #2 Mon, 22 Dec 2025 23:29:02 +0100 
220-We do not authorize the use of this system to transport unsolicited, 
220 and/or bulk e-mail.

2025-12-22T23:29:05+01:00 - SMTP: CLIENT -> SERVER: EHLO localhost

2025-12-22T23:29:05+01:00 - SMTP: SERVER -> CLIENT: 250-vl45402.dnsvirtual.es Hello localhost [190.211.121.33]
250-SIZE 52428800
250-LIMITS MAILMAX=1000 RCPTMAX=50000
250-8BITMIME
250-PIPELINING
250-PIPECONNECT
250-AUTH PLAIN LOGIN
250 HELP

2025-12-22T23:29:05+01:00 - SMTP: CLIENT -> SERVER: AUTH LOGIN

2025-12-22T23:29:05+01:00 - SMTP: SERVER -> CLIENT: 334 VXNlcm5hbWU6

2025-12-22T23:29:05+01:00 - SMTP: CLIENT -> SERVER: [credentials hidden]
2025-12-22T23:29:05+01:00 - SMTP: SERVER -> CLIENT: 334 UGFzc3dvcmQ6

2025-12-22T23:29:05+01:00 - SMTP: CLIENT -> SERVER: [credentials hidden]
2025-12-22T23:29:06+01:00 - SMTP: SERVER -> CLIENT: 235 Authentication succeeded

2025-12-22T23:29:06+01:00 - SMTP: CLIENT -> SERVER: MAIL FROM:<terminos@fesanesteban.com>

2025-12-22T23:29:06+01:00 - SMTP: SERVER -> CLIENT: 250 OK

2025-12-22T23:29:06+01:00 - SMTP: CLIENT -> SERVER: RCPT TO:<osmv789@gmail.com>

2025-12-22T23:29:06+01:00 - SMTP: SERVER -> CLIENT: 250 Accepted

2025-12-22T23:29:06+01:00 - SMTP: CLIENT -> SERVER: DATA

2025-12-22T23:29:06+01:00 - SMTP: SERVER -> CLIENT: 354 Enter message, ending with "." on a line by itself

2025-12-22T23:29:06+01:00 - SMTP: CLIENT -> SERVER: Date: Mon, 22 Dec 2025 23:29:04 +0100

2025-12-22T23:29:06+01:00 - SMTP: CLIENT -> SERVER: To: osmv789@gmail.com

2025-12-22T23:29:06+01:00 - SMTP: CLIENT -> SERVER: From: Mi App <terminos@fesanesteban.com>

2025-12-22T23:29:06+01:00 - SMTP: CLIENT -> SERVER: Subject: =?iso-8859-1?Q?Solicitud_de_eliminaci=C3=B3n_de_registro_de_producci=C3=B3n?=

2025-12-22T23:29:06+01:00 - SMTP: CLIENT -> SERVER: Message-ID: <5WjZr4q4q92KbkO0SyVGZ1QWbg0QHciBTT2OkyGw@localhost>

2025-12-22T23:29:06+01:00 - SMTP: CLIENT -> SERVER: X-Mailer: PHPMailer 6.12.0 (https://github.com/PHPMailer/PHPMailer)

2025-12-22T23:29:06+01:00 - SMTP: CLIENT -> SERVER: MIME-Version: 1.0

2025-12-22T23:29:06+01:00 - SMTP: CLIENT -> SERVER: Content-Type: text/plain; charset=iso-8859-1

2025-12-22T23:29:06+01:00 - SMTP: CLIENT -> SERVER: Content-Transfer-Encoding: 8bit

2025-12-22T23:29:06+01:00 - SMTP: CLIENT -> SERVER: 

2025-12-22T23:29:06+01:00 - SMTP: CLIENT -> SERVER: Se ha solicitado la eliminación del registro de producción con código: PR000001

2025-12-22T23:29:06+01:00 - SMTP: CLIENT -> SERVER: 

2025-12-22T23:29:06+01:00 - SMTP: CLIENT -> SERVER: Justificación: asdfasdf

2025-12-22T23:29:06+01:00 - SMTP: CLIENT -> SERVER: 

2025-12-22T23:29:06+01:00 - SMTP: CLIENT -> SERVER: Código de confirmación: 3ea80a3b

2025-12-22T23:29:06+01:00 - SMTP: CLIENT -> SERVER: 

2025-12-22T23:29:06+01:00 - SMTP: CLIENT -> SERVER: Este código expira en 30 minutos.

2025-12-22T23:29:06+01:00 - SMTP: CLIENT -> SERVER: 

2025-12-22T23:29:06+01:00 - SMTP: CLIENT -> SERVER: .

2025-12-22T23:29:08+01:00 - SMTP: SERVER -> CLIENT: 250 OK id=1vXoOl-00000002COL-09w7

2025-12-22T23:29:08+01:00 - SMTP: CLIENT -> SERVER: QUIT

2025-12-22T23:29:08+01:00 - SMTP: SERVER -> CLIENT: 221 vl45402.dnsvirtual.es closing connection

2025-12-22T23:29:08+01:00 - Después de mail->send() resultado: OK
